<?xml version="1.0" encoding="UTF-8"?>
<!-- Generated by org.testng.reporters.JUnitXMLReporter -->
<testsuite ignored="0" hostname="LAPTOP-BGGDLR48" failures="1" tests="5" name="Test" time="0.141" errors="0" timestamp="2022-01-25T21:28:54 IST">
  <testcase classname="com.testing_features.Iretry_Analyser_Concept" name="login" time="0.019"/>
  <testcase classname="com.testing_features.Iretry_Analyser_Concept" name="login2" time="0.002">
    <skipped/>
  </testcase> <!-- login2 -->
  <testcase classname="com.testing_features.Iretry_Analyser_Concept" name="login2" time="0.004">
    <skipped/>
  </testcase> <!-- login2 -->
  <testcase classname="com.testing_features.Iretry_Analyser_Concept" name="login2" time="0.005">
    <skipped/>
  </testcase> <!-- login2 -->
  <testcase classname="com.testing_features.Iretry_Analyser_Concept" name="login2" time="0.006">
    <failure type="junit.framework.ComparisonFailure" message="expected:&amp;lt;b[]as&amp;gt; but was:&amp;lt;b[h]as&amp;gt;">
      <![CDATA[junit.framework.ComparisonFailure: expected:<b[]as> but was:<b[h]as>
at junit.framework.Assert.assertEquals(Assert.java:100)
at junit.framework.Assert.assertEquals(Assert.java:107)
at com.testing_features.Iretry_Analyser_Concept.login2(Iretry_Analyser_Concept.java:27)
at java.base/java.util.ArrayList.forEach(ArrayList.java:1511)
... Removed 27 stack frames]]>
    </failure>
  </testcase> <!-- login2 -->
</testsuite> <!-- Test -->
